# JRE version: OpenJDK Runtime Environment (8.0_242-b01) (build 1.8.0_242-release-1644-b01)
# Java VM: OpenJDK 64-Bit Server VM (25.242-b01 mixed mode windows-amd64 compressed oops)
Heap:
 PSYoungGen      total 135680K, used 120348K [0x00000000d5580000, 0x00000000de480000, 0x0000000100000000)
  eden space 126464K, 95% used [0x00000000d5580000,0x00000000dcb071e0,0x00000000dd100000)
  from space 9216K, 0% used [0x00000000dda80000,0x00000000dda80000,0x00000000de380000)
  to   space 9728K, 0% used [0x00000000dd100000,0x00000000dd100000,0x00000000dda80000)
 ParOldGen       total 44544K, used 15915K [0x0000000080000000, 0x0000000082b80000, 0x00000000d5580000)
  object space 44544K, 35% used [0x0000000080000000,0x0000000080f8aff8,0x0000000082b80000)
 Metaspace       used 32246K, capacity 33368K, committed 33664K, reserved 1079296K
  class space    used 4327K, capacity 4615K, committed 4736K, reserved 1048576K
GC Heap History (10 events):
Event: 4.199 GC heap before
{Heap before GC invocations=3 (full 0):
 PSYoungGen      total 34304K, used 34295K [0x00000000d5580000, 0x00000000d7980000, 0x0000000100000000)
  eden space 31744K, 100% used [0x00000000d5580000,0x00000000d7480000,0x00000000d7480000)
  from space 2560K, 99% used [0x00000000d7700000,0x00000000d797dd48,0x00000000d7980000)
  to   space 2560K, 0% used [0x00000000d7480000,0x00000000d7480000,0x00000000d7700000)
 ParOldGen       total 42496K, used 1202K [0x0000000080000000, 0x0000000082980000, 0x00000000d5580000)
  object space 42496K, 2% used [0x0000000080000000,0x000000008012ca48,0x0000000082980000)
 Metaspace       used 7501K, capacity 7742K, committed 7936K, reserved 1056768K
  class space    used 910K, capacity 1005K, committed 1024K, reserved 1048576K
Event: 4.208 GC heap after
Heap after GC invocations=3 (full 0):
 PSYoungGen      total 34304K, used 2557K [0x00000000d5580000, 0x00000000d9880000, 0x0000000100000000)
  eden space 31744K, 0% used [0x00000000d5580000,0x00000000d5580000,0x00000000d7480000)
  from space 2560K, 99% used [0x00000000d7480000,0x00000000d76ff630,0x00000000d7700000)
  to   space 2560K, 0% used [0x00000000d9600000,0x00000000d9600000,0x00000000d9880000)
 ParOldGen       total 42496K, used 1938K [0x0000000080000000, 0x0000000082980000, 0x00000000d5580000)
  object space 42496K, 4% used [0x0000000080000000,0x00000000801e4b80,0x0000000082980000)
 Metaspace       used 7501K, capacity 7742K, committed 7936K, reserved 1056768K
  class space    used 910K, capacity 1005K, committed 1024K, reserved 1048576K
}
Event: 7.286 GC heap before
{Heap before GC invocations=4 (full 0):
 PSYoungGen      total 34304K, used 34301K [0x00000000d5580000, 0x00000000d9880000, 0x0000000100000000)
  eden space 31744K, 100% used [0x00000000d5580000,0x00000000d7480000,0x00000000d7480000)
  from space 2560K, 99% used [0x00000000d7480000,0x00000000d76ff630,0x00000000d7700000)
  to   space 2560K, 0% used [0x00000000d9600000,0x00000000d9600000,0x00000000d9880000)
 ParOldGen       total 42496K, used 1938K [0x0000000080000000, 0x0000000082980000, 0x00000000d5580000)
  object space 42496K, 4% used [0x0000000080000000,0x00000000801e4b80,0x0000000082980000)
 Metaspace       used 11318K, capacity 11594K, committed 11904K, reserved 1058816K
  class space    used 1498K, capacity 1607K, committed 1664K, reserved 1048576K
Event: 7.303 GC heap after
Heap after GC invocations=4 (full 0):
 PSYoungGen      total 66048K, used 2557K [0x00000000d5580000, 0x00000000d9880000, 0x0000000100000000)
  eden space 63488K, 0% used [0x00000000d5580000,0x00000000d5580000,0x00000000d9380000)
  from space 2560K, 99% used [0x00000000d9600000,0x00000000d987f630,0x00000000d9880000)
  to   space 2560K, 0% used [0x00000000d9380000,0x00000000d9380000,0x00000000d9600000)
 ParOldGen       total 42496K, used 5100K [0x0000000080000000, 0x0000000082980000, 0x00000000d5580000)
  object space 42496K, 12% used [0x0000000080000000,0x00000000804fb3b8,0x0000000082980000)
 Metaspace       used 11318K, capacity 11594K, committed 11904K, reserved 1058816K
  class space    used 1498K, capacity 1607K, committed 1664K, reserved 1048576K
}
Event: 10.072 GC heap before
{Heap before GC invocations=5 (full 0):
 PSYoungGen      total 66048K, used 66045K [0x00000000d5580000, 0x00000000d9880000, 0x0000000100000000)
  eden space 63488K, 100% used [0x00000000d5580000,0x00000000d9380000,0x00000000d9380000)
  from space 2560K, 99% used [0x00000000d9600000,0x00000000d987f630,0x00000000d9880000)
  to   space 2560K, 0% used [0x00000000d9380000,0x00000000d9380000,0x00000000d9600000)
 ParOldGen       total 42496K, used 5100K [0x0000000080000000, 0x0000000082980000, 0x00000000d5580000)
  object space 42496K, 12% used [0x0000000080000000,0x00000000804fb3b8,0x0000000082980000)
 Metaspace       used 17060K, capacity 17634K, committed 17920K, reserved 1064960K
  class space    used 2306K, capacity 2477K, committed 2560K, reserved 1048576K
Event: 10.106 GC heap after
Heap after GC invocations=5 (full 0):
 PSYoungGen      total 66048K, used 2557K [0x00000000d5580000, 0x00000000de380000, 0x0000000100000000)
  eden space 63488K, 0% used [0x00000000d5580000,0x00000000d5580000,0x00000000d9380000)
  from space 2560K, 99% used [0x00000000d9380000,0x00000000d95ff630,0x00000000d9600000)
  to   space 9216K, 0% used [0x00000000dda80000,0x00000000dda80000,0x00000000de380000)
 ParOldGen       total 42496K, used 11103K [0x0000000080000000, 0x0000000082980000, 0x00000000d5580000)
  object space 42496K, 26% used [0x0000000080000000,0x0000000080ad7e50,0x0000000082980000)
 Metaspace       used 17060K, capacity 17634K, committed 17920K, reserved 1064960K
  class space    used 2306K, capacity 2477K, committed 2560K, reserved 1048576K
}
Event: 11.661 GC heap before
{Heap before GC invocations=6 (full 0):
 PSYoungGen      total 66048K, used 42085K [0x00000000d5580000, 0x00000000de380000, 0x0000000100000000)
  eden space 63488K, 62% used [0x00000000d5580000,0x00000000d7c19ec8,0x00000000d9380000)
  from space 2560K, 99% used [0x00000000d9380000,0x00000000d95ff630,0x00000000d9600000)
  to   space 9216K, 0% used [0x00000000dda80000,0x00000000dda80000,0x00000000de380000)
 ParOldGen       total 42496K, used 11103K [0x0000000080000000, 0x0000000082980000, 0x00000000d5580000)
  object space 42496K, 26% used [0x0000000080000000,0x0000000080ad7e50,0x0000000082980000)
 Metaspace       used 20548K, capacity 21218K, committed 21296K, reserved 1067008K
  class space    used 2859K, capacity 3035K, committed 3072K, reserved 1048576K
Event: 11.680 GC heap after
Heap after GC invocations=6 (full 0):
 PSYoungGen      total 135680K, used 7241K [0x00000000d5580000, 0x00000000de480000, 0x0000000100000000)
  eden space 126464K, 0% used [0x00000000d5580000,0x00000000d5580000,0x00000000dd100000)
  from space 9216K, 78% used [0x00000000dda80000,0x00000000de1926c8,0x00000000de380000)
  to   space 9728K, 0% used [0x00000000dd100000,0x00000000dd100000,0x00000000dda80000)
 ParOldGen       total 42496K, used 11111K [0x0000000080000000, 0x0000000082980000, 0x00000000d5580000)
  object space 42496K, 26% used [0x0000000080000000,0x0000000080ad9e50,0x0000000082980000)
 Metaspace       used 20548K, capacity 21218K, committed 21296K, reserved 1067008K
  class space    used 2859K, capacity 3035K, committed 3072K, reserved 1048576K
}
Event: 11.680 GC heap before
{Heap before GC invocations=7 (full 1):
 PSYoungGen      total 135680K, used 7241K [0x00000000d5580000, 0x00000000de480000, 0x0000000100000000)
  eden space 126464K, 0% used [0x00000000d5580000,0x00000000d5580000,0x00000000dd100000)
  from space 9216K, 78% used [0x00000000dda80000,0x00000000de1926c8,0x00000000de380000)
  to   space 9728K, 0% used [0x00000000dd100000,0x00000000dd100000,0x00000000dda80000)
 ParOldGen       total 42496K, used 11111K [0x0000000080000000, 0x0000000082980000, 0x00000000d5580000)
  object space 42496K, 26% used [0x0000000080000000,0x0000000080ad9e50,0x0000000082980000)
 Metaspace       used 20548K, capacity 21218K, committed 21296K, reserved 1067008K
  class space    used 2859K, capacity 3035K, committed 3072K, reserved 1048576K
Event: 11.766 GC heap after
Heap after GC invocations=7 (full 1):
 PSYoungGen      total 135680K, used 0K [0x00000000d5580000, 0x00000000de480000, 0x0000000100000000)
  eden space 126464K, 0% used [0x00000000d5580000,0x00000000d5580000,0x00000000dd100000)
  from space 9216K, 0% used [0x00000000dda80000,0x00000000dda80000,0x00000000de380000)
  to   space 9728K, 0% used [0x00000000dd100000,0x00000000dd100000,0x00000000dda80000)
 ParOldGen       total 44544K, used 15915K [0x0000000080000000, 0x0000000082b80000, 0x00000000d5580000)
  object space 44544K, 35% used [0x0000000080000000,0x0000000080f8aff8,0x0000000082b80000)
 Metaspace       used 20548K, capacity 21218K, committed 21296K, reserved 1067008K
  class space    used 2859K, capacity 3035K, committed 3072K, reserved 1048576K
}

