# JRE version: OpenJDK Runtime Environment (8.0_242-b01) (build 1.8.0_242-release-1644-b01)
# Java VM: OpenJDK 64-Bit Server VM (25.242-b01 mixed mode windows-amd64 compressed oops)
Heap:
 PSYoungGen      total 36352K, used 22264K [0x00000000d5580000, 0x00000000d9f80000, 0x0000000100000000)
  eden space 31232K, 54% used [0x00000000d5580000,0x00000000d663e980,0x00000000d7400000)
  from space 5120K, 99% used [0x00000000d7400000,0x00000000d78ff848,0x00000000d7900000)
  to   space 6656K, 0% used [0x00000000d9900000,0x00000000d9900000,0x00000000d9f80000)
 ParOldGen       total 42496K, used 4720K [0x0000000080000000, 0x0000000082980000, 0x00000000d5580000)
  object space 42496K, 11% used [0x0000000080000000,0x000000008049c2c8,0x0000000082980000)
 Metaspace       used 16659K, capacity 17310K, committed 17536K, reserved 1064960K
  class space    used 2220K, capacity 2411K, committed 2432K, reserved 1048576K
GC Heap History (10 events):
Event: 4.427 GC heap before
{Heap before GC invocations=3 (full 0):
 PSYoungGen      total 18432K, used 18416K [0x00000000d5580000, 0x00000000d6a00000, 0x0000000100000000)
  eden space 15872K, 100% used [0x00000000d5580000,0x00000000d6500000,0x00000000d6500000)
  from space 2560K, 99% used [0x00000000d6780000,0x00000000d69fc2c0,0x00000000d6a00000)
  to   space 2560K, 0% used [0x00000000d6500000,0x00000000d6500000,0x00000000d6780000)
 ParOldGen       total 42496K, used 1196K [0x0000000080000000, 0x0000000082980000, 0x00000000d5580000)
  object space 42496K, 2% used [0x0000000080000000,0x000000008012b148,0x0000000082980000)
 Metaspace       used 7341K, capacity 7614K, committed 7680K, reserved 1056768K
  class space    used 897K, capacity 1005K, committed 1024K, reserved 1048576K
Event: 4.431 GC heap after
Heap after GC invocations=3 (full 0):
 PSYoungGen      total 18432K, used 2461K [0x00000000d5580000, 0x00000000d6a00000, 0x0000000100000000)
  eden space 15872K, 0% used [0x00000000d5580000,0x00000000d5580000,0x00000000d6500000)
  from space 2560K, 96% used [0x00000000d6500000,0x00000000d6767630,0x00000000d6780000)
  to   space 2560K, 0% used [0x00000000d6780000,0x00000000d6780000,0x00000000d6a00000)
 ParOldGen       total 42496K, used 1204K [0x0000000080000000, 0x0000000082980000, 0x00000000d5580000)
  object space 42496K, 2% used [0x0000000080000000,0x000000008012d148,0x0000000082980000)
 Metaspace       used 7341K, capacity 7614K, committed 7680K, reserved 1056768K
  class space    used 897K, capacity 1005K, committed 1024K, reserved 1048576K
}
Event: 4.683 GC heap before
{Heap before GC invocations=4 (full 0):
 PSYoungGen      total 18432K, used 18333K [0x00000000d5580000, 0x00000000d6a00000, 0x0000000100000000)
  eden space 15872K, 100% used [0x00000000d5580000,0x00000000d6500000,0x00000000d6500000)
  from space 2560K, 96% used [0x00000000d6500000,0x00000000d6767630,0x00000000d6780000)
  to   space 2560K, 0% used [0x00000000d6780000,0x00000000d6780000,0x00000000d6a00000)
 ParOldGen       total 42496K, used 1204K [0x0000000080000000, 0x0000000082980000, 0x00000000d5580000)
  object space 42496K, 2% used [0x0000000080000000,0x000000008012d148,0x0000000082980000)
 Metaspace       used 7492K, capacity 7742K, committed 7936K, reserved 1056768K
  class space    used 911K, capacity 1005K, committed 1024K, reserved 1048576K
Event: 4.688 GC heap after
Heap after GC invocations=4 (full 0):
 PSYoungGen      total 18432K, used 2557K [0x00000000d5580000, 0x00000000d7980000, 0x0000000100000000)
  eden space 15872K, 0% used [0x00000000d5580000,0x00000000d5580000,0x00000000d6500000)
  from space 2560K, 99% used [0x00000000d6780000,0x00000000d69ff610,0x00000000d6a00000)
  to   space 2560K, 0% used [0x00000000d6500000,0x00000000d6500000,0x00000000d6780000)
 ParOldGen       total 42496K, used 1827K [0x0000000080000000, 0x0000000082980000, 0x00000000d5580000)
  object space 42496K, 4% used [0x0000000080000000,0x00000000801c8c10,0x0000000082980000)
 Metaspace       used 7492K, capacity 7742K, committed 7936K, reserved 1056768K
  class space    used 911K, capacity 1005K, committed 1024K, reserved 1048576K
}
Event: 4.907 GC heap before
{Heap before GC invocations=5 (full 0):
 PSYoungGen      total 18432K, used 18429K [0x00000000d5580000, 0x00000000d7980000, 0x0000000100000000)
  eden space 15872K, 100% used [0x00000000d5580000,0x00000000d6500000,0x00000000d6500000)
  from space 2560K, 99% used [0x00000000d6780000,0x00000000d69ff610,0x00000000d6a00000)
  to   space 2560K, 0% used [0x00000000d6500000,0x00000000d6500000,0x00000000d6780000)
 ParOldGen       total 42496K, used 1827K [0x0000000080000000, 0x0000000082980000, 0x00000000d5580000)
  object space 42496K, 4% used [0x0000000080000000,0x00000000801c8c10,0x0000000082980000)
 Metaspace       used 7926K, capacity 8214K, committed 8320K, reserved 1056768K
  class space    used 1018K, capacity 1141K, committed 1152K, reserved 1048576K
Event: 4.913 GC heap after
Heap after GC invocations=5 (full 0):
 PSYoungGen      total 18432K, used 2557K [0x00000000d5580000, 0x00000000d7d80000, 0x0000000100000000)
  eden space 15872K, 0% used [0x00000000d5580000,0x00000000d5580000,0x00000000d6500000)
  from space 2560K, 99% used [0x00000000d6500000,0x00000000d677f630,0x00000000d6780000)
  to   space 4608K, 0% used [0x00000000d7900000,0x00000000d7900000,0x00000000d7d80000)
 ParOldGen       total 42496K, used 2805K [0x0000000080000000, 0x0000000082980000, 0x00000000d5580000)
  object space 42496K, 6% used [0x0000000080000000,0x00000000802bd710,0x0000000082980000)
 Metaspace       used 7926K, capacity 8214K, committed 8320K, reserved 1056768K
  class space    used 1018K, capacity 1141K, committed 1152K, reserved 1048576K
}
Event: 6.420 GC heap before
{Heap before GC invocations=6 (full 0):
 PSYoungGen      total 18432K, used 18429K [0x00000000d5580000, 0x00000000d7d80000, 0x0000000100000000)
  eden space 15872K, 100% used [0x00000000d5580000,0x00000000d6500000,0x00000000d6500000)
  from space 2560K, 99% used [0x00000000d6500000,0x00000000d677f630,0x00000000d6780000)
  to   space 4608K, 0% used [0x00000000d7900000,0x00000000d7900000,0x00000000d7d80000)
 ParOldGen       total 42496K, used 2805K [0x0000000080000000, 0x0000000082980000, 0x00000000d5580000)
  object space 42496K, 6% used [0x0000000080000000,0x00000000802bd710,0x0000000082980000)
 Metaspace       used 11393K, capacity 11658K, committed 11904K, reserved 1058816K
  class space    used 1504K, capacity 1607K, committed 1664K, reserved 1048576K
Event: 6.430 GC heap after
Heap after GC invocations=6 (full 0):
 PSYoungGen      total 35840K, used 4605K [0x00000000d5580000, 0x00000000d7e80000, 0x0000000100000000)
  eden space 31232K, 0% used [0x00000000d5580000,0x00000000d5580000,0x00000000d7400000)
  from space 4608K, 99% used [0x00000000d7900000,0x00000000d7d7f630,0x00000000d7d80000)
  to   space 5120K, 0% used [0x00000000d7400000,0x00000000d7400000,0x00000000d7900000)
 ParOldGen       total 42496K, used 3028K [0x0000000080000000, 0x0000000082980000, 0x00000000d5580000)
  object space 42496K, 7% used [0x0000000080000000,0x00000000802f5190,0x0000000082980000)
 Metaspace       used 11393K, capacity 11658K, committed 11904K, reserved 1058816K
  class space    used 1504K, capacity 1607K, committed 1664K, reserved 1048576K
}
Event: 7.258 GC heap before
{Heap before GC invocations=7 (full 0):
 PSYoungGen      total 35840K, used 35837K [0x00000000d5580000, 0x00000000d7e80000, 0x0000000100000000)
  eden space 31232K, 100% used [0x00000000d5580000,0x00000000d7400000,0x00000000d7400000)
  from space 4608K, 99% used [0x00000000d7900000,0x00000000d7d7f630,0x00000000d7d80000)
  to   space 5120K, 0% used [0x00000000d7400000,0x00000000d7400000,0x00000000d7900000)
 ParOldGen       total 42496K, used 3028K [0x0000000080000000, 0x0000000082980000, 0x00000000d5580000)
  object space 42496K, 7% used [0x0000000080000000,0x00000000802f5190,0x0000000082980000)
 Metaspace       used 14371K, capacity 14866K, committed 14976K, reserved 1062912K
  class space    used 1976K, capacity 2131K, committed 2176K, reserved 1048576K
Event: 7.281 GC heap after
Heap after GC invocations=7 (full 0):
 PSYoungGen      total 36352K, used 5118K [0x00000000d5580000, 0x00000000d9f80000, 0x0000000100000000)
  eden space 31232K, 0% used [0x00000000d5580000,0x00000000d5580000,0x00000000d7400000)
  from space 5120K, 99% used [0x00000000d7400000,0x00000000d78ff848,0x00000000d7900000)
  to   space 6656K, 0% used [0x00000000d9900000,0x00000000d9900000,0x00000000d9f80000)
 ParOldGen       total 42496K, used 4720K [0x0000000080000000, 0x0000000082980000, 0x00000000d5580000)
  object space 42496K, 11% used [0x0000000080000000,0x000000008049c2c8,0x0000000082980000)
 Metaspace       used 14371K, capacity 14866K, committed 14976K, reserved 1062912K
  class space    used 1976K, capacity 2131K, committed 2176K, reserved 1048576K
}

